Log file open, 09/15/18 19:36:44
LogWindows: Failed to load 'aqProf.dll' (GetLastError=126)
LogWindows: File 'aqProf.dll' does not exist
LogWindows: Failed to load 'VSPerf140.dll' (GetLastError=126)
LogWindows: File 'VSPerf140.dll' does not exist
LogWindows: Failed to load 'VtuneApi.dll' (GetLastError=126)
LogWindows: File 'VtuneApi.dll' does not exist
LogWindows: Failed to load 'VtuneApi32e.dll' (GetLastError=126)
LogWindows: File 'VtuneApi32e.dll' does not exist
LogInit: Display: Running engine for game: MyProject3
LogPlatformFile: Not using cached read wrapper
LogTaskGraph: Started task graph with 5 named threads and 14 total threads with 3 sets of task threads.
LogStats: Stats thread started at 0.222306
LogD3D11RHI: Loaded GFSDK_Aftermath_Lib.x64.dll
LogICUInternationalization: Display: ICU TimeZone Detection - Raw Offset: -5:00, Platform Override: ''
LogPluginManager: Mounting plugin Paper2D
LogPluginManager: Mounting plugin AISupport
LogPluginManager: Mounting plugin LightPropagationVolume
LogPluginManager: Mounting plugin CLionSourceCodeAccess
LogPluginManager: Mounting plugin CodeLiteSourceCodeAccess
LogPluginManager: Mounting plugin GitSourceControl
LogPluginManager: Mounting plugin KDevelopSourceCodeAccess
LogPluginManager: Mounting plugin NullSourceCodeAccess
LogPluginManager: Mounting plugin PerforceSourceControl
LogPluginManager: Mounting plugin SubversionSourceControl
LogPluginManager: Mounting plugin UObjectPlugin
LogPluginManager: Mounting plugin VisualStudioCodeSourceCodeAccess
LogPluginManager: Mounting plugin VisualStudioSourceCodeAccess
LogPluginManager: Mounting plugin XCodeSourceCodeAccess
LogPluginManager: Mounting plugin AssetManagerEditor
LogPluginManager: Mounting plugin CryptoKeys
LogPluginManager: Mounting plugin DataValidation
LogPluginManager: Mounting plugin FacialAnimation
LogPluginManager: Mounting plugin GameplayTagsEditor
LogPluginManager: Mounting plugin MacGraphicsSwitching
LogPluginManager: Mounting plugin MeshEditor
LogPluginManager: Mounting plugin MobileLauncherProfileWizard
LogPluginManager: Mounting plugin PluginBrowser
LogPluginManager: Mounting plugin SpeedTreeImporter
LogPluginManager: Mounting plugin DatasmithContent
LogPluginManager: Mounting plugin AlembicImporter
LogPluginManager: Mounting plugin AppleImageUtils
LogPluginManager: Mounting plugin AppleVision
LogPluginManager: Mounting plugin BackChannel
LogPluginManager: Mounting plugin CharacterAI
LogPluginManager: Mounting plugin GeometryCache
LogPluginManager: Mounting plugin HTML5Networking
LogPluginManager: Mounting plugin ProxyLODPlugin
LogPluginManager: Mounting plugin MagicLeap
LogPluginManager: Mounting plugin MagicLeapEmulator
LogPluginManager: Mounting plugin MagicLeapMedia
LogPluginManager: Mounting plugin AndroidMedia
LogPluginManager: Mounting plugin AvfMedia
LogPluginManager: Mounting plugin ImgMedia
LogPluginManager: Mounting plugin LinearTimecode
LogPluginManager: Mounting plugin MediaCompositing
LogPluginManager: Mounting plugin MediaPlayerEditor
LogPluginManager: Mounting plugin WmfMedia
LogPluginManager: Mounting plugin TcpMessaging
LogPluginManager: Mounting plugin UdpMessaging
LogPluginManager: Mounting plugin ActorSequence
LogPluginManager: Mounting plugin LevelSequenceEditor
LogPluginManager: Mounting plugin MatineeToLevelSequence
LogPluginManager: Mounting plugin NetcodeUnitTest
LogPluginManager: Mounting plugin NUTUnrealEngine4
LogPluginManager: Mounting plugin OnlineSubsystemGooglePlay
LogPluginManager: Mounting plugin OnlineSubsystemIOS
LogPluginManager: Mounting plugin OnlineSubsystem
LogPluginManager: Mounting plugin OnlineSubsystemNull
LogPluginManager: Mounting plugin OnlineSubsystemUtils
LogPluginManager: Mounting plugin LauncherChunkInstaller
LogPluginManager: Mounting plugin AndroidDeviceProfileSelector
LogPluginManager: Mounting plugin AndroidMoviePlayer
LogPluginManager: Mounting plugin AndroidPermission
LogPluginManager: Mounting plugin AppleMoviePlayer
LogPluginManager: Mounting plugin ArchVisCharacter
LogPluginManager: Mounting plugin AudioCapture
LogPluginManager: Mounting plugin CableComponent
LogPluginManager: Mounting plugin CustomMeshComponent
LogPluginManager: Mounting plugin EditableMesh
LogPluginManager: Mounting plugin ExampleDeviceProfileSelector
LogPluginManager: Mounting plugin GoogleCloudMessaging
LogPluginManager: Mounting plugin ImmediatePhysics
LogPluginManager: Mounting plugin IOSDeviceProfileSelector
LogPluginManager: Mounting plugin LinuxDeviceProfileSelector
LogPluginManager: Mounting plugin LocationServicesBPLibrary
LogPluginManager: Mounting plugin MobilePatchingUtils
LogPluginManager: Mounting plugin OculusVR
LogPluginManager: Plugin shader directory ../../../Engine/Plugins/Runtime/Oculus/OculusVR/Shaders found
LogPluginManager: Mapping shader source directory ../../../Engine/Plugins/Runtime/Oculus/OculusVR/Shaders to virtual directory /Plugin/OculusVR
LogPluginManager: Mounting plugin PhysXVehicles
LogPluginManager: Mounting plugin ProceduralMeshComponent
LogPluginManager: Mounting plugin RuntimePhysXCooking
LogPluginManager: Mounting plugin SteamVR
LogPluginManager: Mounting plugin WindowsMoviePlayer
LogStreaming: Display: Took  0.356s to configure plugins.
LogInit: Using libcurl 7.55.1-DEV
LogInit:  - built for x86_64-pc-win32
LogInit:  - supports SSL with OpenSSL/1.0.2h
LogInit:  - supports HTTP deflate (compression) using libz 1.2.8
LogInit:  - other features:
LogInit:      CURL_VERSION_SSL
LogInit:      CURL_VERSION_LIBZ
LogInit:      CURL_VERSION_IPV6
LogInit:      CURL_VERSION_ASYNCHDNS
LogInit:      CURL_VERSION_LARGEFILE
LogInit:      CURL_VERSION_IDN
LogInit:  CurlRequestOptions (configurable via config and command line):
LogInit:  - bVerifyPeer = false  - Libcurl will NOT verify peer certificate
LogInit:  - bUseHttpProxy = false  - Libcurl will NOT use HTTP proxy
LogInit:  - bDontReuseConnections = false  - Libcurl will reuse connections
LogInit:  - CertBundlePath = nullptr  - Libcurl will use whatever was configured at build time.
LogInit:  - MaxHostConnections = 16  - Libcurl will limit the number of connections to a host
LogInit:  - LocalHostAddr = Default
LogInit:  - BufferSize = 65536
LogInit: WinSock: version 1.1 (2.2), MaxSocks=32767, MaxUdp=65467
LogInit: Build: ++UE4+Release-4.20-CL-4302132
LogInit: Engine Version: 4.20.2-4302132+++UE4+Release-4.20
LogInit: Compatible Engine Version: 4.20.0-4212847+++UE4+Release-4.20
LogInit: Net CL: 4212847
LogInit: OS: Windows 10 (), CPU:         Intel(R) Core(TM) i5-3470 CPU @ 3.20GHz, GPU: AMD Radeon HD 7000 series
LogInit: Compiled (64-bit): Aug 21 2018 02:06:06
LogInit: Compiled with Visual C++: 19.13.26129.00
LogInit: Build Configuration: Development
LogInit: Branch Name: ++UE4+Release-4.20
LogInit: Command Line: 
LogInit: Base Directory: C:/Program Files/Epic Games/UE_4.20/Engine/Binaries/Win64/
LogInit: Installed Engine Build: 1
LogDevObjectVersion: Number of dev versions registered: 20
LogDevObjectVersion:   Dev-Blueprints (B0D832E4-1F89-4F0D-ACCF-7EB736FD4AA2): 10
LogDevObjectVersion:   Dev-Build (E1C64328-A22C-4D53-A36C-8E866417BD8C): 0
LogDevObjectVersion:   Dev-Core (375EC13C-06E4-48FB-B500-84F0262A717E): 2
LogDevObjectVersion:   Dev-Editor (E4B068ED-F494-42E9-A231-DA0B2E46BB41): 24
LogDevObjectVersion:   Dev-Framework (CFFC743F-43B0-4480-9391-14DF171D2073): 34
LogDevObjectVersion:   Dev-Mobile (B02B49B5-BB20-44E9-A304-32B752E40360): 2
LogDevObjectVersion:   Dev-Networking (A4E4105C-59A1-49B5-A7C5-40C4547EDFEE): 0
LogDevObjectVersion:   Dev-Online (39C831C9-5AE6-47DC-9A44-9C173E1C8E7C): 0
LogDevObjectVersion:   Dev-Physics (78F01B33-EBEA-4F98-B9B4-84EACCB95AA2): 0
LogDevObjectVersion:   Dev-Platform (6631380F-2D4D-43E0-8009-CF276956A95A): 0
LogDevObjectVersion:   Dev-Rendering (12F88B9F-8875-4AFC-A67C-D90C383ABD29): 26
LogDevObjectVersion:   Dev-Sequencer (7B5AE74C-D270-4C10-A958-57980B212A5A): 9
LogDevObjectVersion:   Dev-VR (D7296918-1DD6-4BDD-9DE2-64A83CC13884): 2
LogDevObjectVersion:   Dev-LoadTimes (C2A15278-BFE7-4AFE-6C17-90FF531DF755): 1
LogDevObjectVersion:   Private-Geometry (6EACA3D4-40EC-4CC1-B786-8BED09428FC5): 3
LogDevObjectVersion:   Dev-AnimPhys (29E575DD-E0A3-4627-9D10-D276232CDCEA): 17
LogDevObjectVersion:   Dev-ReflectionCapture (6B266CEC-1EC7-4B8F-A30B-E4D90942FC07): 1
LogDevObjectVersion:   Dev-Automation (0DF73D61-A23F-47EA-B727-89E90C41499A): 1
LogDevObjectVersion:   FortniteMain (601D1886-AC64-4F84-AA16-D3DE0DEAC7D6): 12
LogDevObjectVersion:   Dev-Enterprise (9DFFBCD6-494F-0158-E221-12823C92A888): 1
LogStreaming: Display: Took  0.002s to delete old logs.
LogInit: Presizing for max 8388607 objects, including 0 objects not considered by GC, pre-allocating 0 bytes for permanent pool.
LogInit: Object subsystem initialized
[2018.09.15-23.36.44:643][  0]LogInit: Selected Device Profile: [Windows]
[2018.09.15-23.36.44:643][  0]LogInit: Applying CVar settings loaded from the selected device profile: [Windows]
[2018.09.15-23.36.44:669][  0]LogHAL: Display: Platform has ~ 16 GB [17148481536 / 17179869184 / 16], which maps to Larger [LargestMinGB=32, LargerMinGB=12, DefaultMinGB=8, SmallerMinGB=6, SmallestMinGB=0)
[2018.09.15-23.36.44:669][  0]LogInit: Setting Device Profile CVar: [[r.Vulkan.UseRealUBs:1]]
[2018.09.15-23.36.44:669][  0]LogInit: Going up to parent DeviceProfile []
[2018.09.15-23.36.44:669][  0]LogInit: Computer: DESKTOP-CAC4IO2
[2018.09.15-23.36.44:669][  0]LogInit: User: Jessica
[2018.09.15-23.36.44:669][  0]LogInit: CPU Page size=4096, Cores=4
[2018.09.15-23.36.44:669][  0]LogInit: High frequency timer resolution =3.117929 MHz
[2018.09.15-23.36.44:670][  0]LogMemory: Memory total: Physical=16.0GB (16GB approx)
[2018.09.15-23.36.44:670][  0]LogMemory: Platform Memory Stats for Windows
[2018.09.15-23.36.44:670][  0]LogMemory: Process Physical Memory: 102.44 MB used, 102.44 MB peak
[2018.09.15-23.36.44:670][  0]LogMemory: Process Virtual Memory: 84.66 MB used, 84.66 MB peak
[2018.09.15-23.36.44:670][  0]LogMemory: Physical Memory: 8265.74 MB used,  8088.32 MB free, 16354.07 MB total
[2018.09.15-23.36.44:670][  0]LogMemory: Virtual Memory: 4607.14 MB used,  8088.32 MB free, 134217728.00 MB total
[2018.09.15-23.36.44:696][  0]LogInit: Using OS detected language (en-US).
[2018.09.15-23.36.44:696][  0]LogInit: Using OS detected locale (en-US).
[2018.09.15-23.36.44:698][  0]LogTextLocalizationManager: No specific localization for 'en-US' exists, so the 'en' localization will be used.
[2018.09.15-23.36.45:092][  0]LogStreaming: Display: Took  0.397s to InitEngineTextLocalization.
[2018.09.15-23.36.45:093][  0]LogInit: Setting process to per monitor DPI aware
[2018.09.15-23.36.45:132][  0]LogSlate: New Slate User Created.  User Index 0, Is Virtual User: 0
[2018.09.15-23.36.45:132][  0]LogSlate: Slate User Registered.  User Index 0, Is Virtual User: 0
[2018.09.15-23.36.45:436][  0]LogHMD: Failed to initialize OpenVR with code 110
[2018.09.15-23.36.45:436][  0]LogD3D11RHI: D3D11 adapters:
[2018.09.15-23.36.45:448][  0]LogD3D11RHI:    0. 'AMD Radeon HD 7000 series' (Feature Level 11_0)
[2018.09.15-23.36.45:448][  0]LogD3D11RHI:       1008/0/3840 MB DedicatedVideo/DedicatedSystem/SharedSystem, Outputs:1, VendorId:0x1002
[2018.09.15-23.36.45:451][  0]LogD3D11RHI:    1. 'Microsoft Basic Render Driver' (Feature Level 11_0)
[2018.09.15-23.36.45:452][  0]LogD3D11RHI:       0/0/8177 MB DedicatedVideo/DedicatedSystem/SharedSystem, Outputs:0, VendorId:0x1414
[2018.09.15-23.36.45:452][  0]LogD3D11RHI: Chosen D3D11 Adapter: 0
[2018.09.15-23.36.45:456][  0]LogD3D11RHI: Creating new Direct3DDevice
[2018.09.15-23.36.45:456][  0]LogD3D11RHI:     GPU DeviceId: 0x6778 (for the marketing name, search the web for "GPU Device Id")
[2018.09.15-23.36.45:457][  0]LogWindows: EnumDisplayDevices:
[2018.09.15-23.36.45:457][  0]LogWindows:    0. 'AMD Radeon HD 7000 series' (P:1 D:1)
[2018.09.15-23.36.45:457][  0]LogWindows:    1. 'AMD Radeon HD 7000 series' (P:0 D:0)
[2018.09.15-23.36.45:458][  0]LogWindows:    2. 'AMD Radeon HD 7000 series' (P:0 D:0)
[2018.09.15-23.36.45:458][  0]LogWindows:    3. 'AMD Radeon HD 7000 series' (P:0 D:0)
[2018.09.15-23.36.45:459][  0]LogWindows: DebugString: FoundDriverCount:4 
[2018.09.15-23.36.45:459][  0]LogD3D11RHI:     Adapter Name: AMD Radeon HD 7000 series
[2018.09.15-23.36.45:459][  0]LogD3D11RHI:   Driver Version: 15.201.1151.1008 (internal:15.201.1151.1008, unified:15.201.1151.1008)
[2018.09.15-23.36.45:459][  0]LogD3D11RHI:      Driver Date: 11-4-2015
[2018.09.15-23.36.45:459][  0]LogRHI: Texture pool is 706 MB (70% of 1008 MB)
[2018.09.15-23.36.45:489][  0]LogD3D11RHI: AMD Pre GCN architecture detected, some driver workarounds will be in place
[2018.09.15-23.36.45:498][  0]LogD3D11RHI: Async texture creation enabled
[2018.09.15-23.36.45:510][  0]LogD3D11RHI: GPU Timing Frequency: 27.000000 (Debug: 2 1)
[2018.09.15-23.36.45:511][  0]LogShaderCompilers: Guid format shader working directory is -10 characters bigger than the processId version (../../../../../../Users/Jessica/Desktop/300/New/MyProject3/Intermediate/Shaders/WorkingDirectory/1092/).
[2018.09.15-23.36.45:512][  0]LogShaderCompilers: Cleaned the shader compiler working directory 'C:/Users/Jessica/AppData/Local/Temp/UnrealShaderWorkingDir/7D9FD0BC4970DA178D7A8BA06C0FBCF5/'.
[2018.09.15-23.36.45:883][  0]LogTemp: Display: Loaded TP AllDesktopTargetPlatform
[2018.09.15-23.36.45:901][  0]LogTemp: Display: Loaded TP MacClientTargetPlatform
[2018.09.15-23.36.45:919][  0]LogTemp: Display: Loaded TP MacNoEditorTargetPlatform
[2018.09.15-23.36.45:936][  0]LogTemp: Display: Loaded TP MacServerTargetPlatform
[2018.09.15-23.36.45:954][  0]LogTemp: Display: Loaded TP MacTargetPlatform
[2018.09.15-23.36.45:972][  0]LogTemp: Display: Loaded TP WindowsClientTargetPlatform
[2018.09.15-23.36.45:989][  0]LogTemp: Display: Loaded TP WindowsNoEditorTargetPlatform
[2018.09.15-23.36.46:007][  0]LogTemp: Display: Loaded TP WindowsServerTargetPlatform
[2018.09.15-23.36.46:016][  0]LogTemp: Display: Loaded TP WindowsTargetPlatform
[2018.09.15-23.36.46:111][  0]LogTemp: Display: Loaded TP AndroidTargetPlatform
[2018.09.15-23.36.46:111][  0]LogTemp: Display: Loaded TP AndroidTargetPlatform
[2018.09.15-23.36.46:112][  0]LogTemp: Display: Loaded TP AndroidTargetPlatform
[2018.09.15-23.36.46:112][  0]LogTemp: Display: Loaded TP AndroidTargetPlatform
[2018.09.15-23.36.46:112][  0]LogTemp: Display: Loaded TP AndroidTargetPlatform
[2018.09.15-23.36.46:112][  0]LogTemp: Display: Loaded TP AndroidTargetPlatform
[2018.09.15-23.36.46:112][  0]LogTemp: Display: Loaded TP AndroidTargetPlatform
[2018.09.15-23.36.46:112][  0]LogTemp: Display: Loaded TP AndroidTargetPlatform
[2018.09.15-23.36.46:112][  0]LogTemp: Display: Loaded TP AndroidTargetPlatform
[2018.09.15-23.36.46:112][  0]LogTemp: Display: Loaded TP AndroidTargetPlatform
[2018.09.15-23.36.46:112][  0]LogTemp: Display: Loaded TP AndroidTargetPlatform
[2018.09.15-23.36.46:112][  0]LogTemp: Display: Loaded TP AndroidTargetPlatform
[2018.09.15-23.36.46:112][  0]LogTemp: Display: Loaded TP AndroidTargetPlatform
[2018.09.15-23.36.46:112][  0]LogTemp: Display: Loaded TP AndroidTargetPlatform
[2018.09.15-23.36.46:112][  0]LogTemp: Display: Loaded TP AndroidTargetPlatform
[2018.09.15-23.36.46:112][  0]LogTemp: Display: Loaded TP AndroidTargetPlatform
[2018.09.15-23.36.46:112][  0]LogTemp: Display: Loaded TP AndroidTargetPlatform
[2018.09.15-23.36.46:112][  0]LogTemp: Display: Loaded TP AndroidTargetPlatform
[2018.09.15-23.36.46:115][  0]LogTemp: Display: Loaded TP HTML5TargetPlatform
[2018.09.15-23.36.46:185][  0]LogTemp: Display: Loaded TP IOSTargetPlatform
[2018.09.15-23.36.46:185][  0]LogTemp: Display: Loaded TP IOSTargetPlatform
[2018.09.15-23.36.46:214][  0]LogTemp: Display: Loaded TP TVOSTargetPlatform
[2018.09.15-23.36.46:214][  0]LogTemp: Display: Loaded TP TVOSTargetPlatform
[2018.09.15-23.36.46:230][  0]LogTemp: Display: Loaded TP LinuxClientTargetPlatform
[2018.09.15-23.36.46:246][  0]LogTemp: Display: Loaded TP LinuxNoEditorTargetPlatform
[2018.09.15-23.36.46:262][  0]LogTemp: Display: Loaded TP LinuxServerTargetPlatform
[2018.09.15-23.36.46:280][  0]LogTemp: Display: Loaded TP LinuxTargetPlatform
[2018.09.15-23.36.46:292][  0]LogTemp: Display: Loaded TP LuminTargetPlatform
[2018.09.15-23.36.46:292][  0]LogTargetPlatformManager: Display: Building Assets For Windows
[2018.09.15-23.36.46:383][  0]LogXGEController: Cannot use XGE Controller as Incredibuild is not installed on this machine.
[2018.09.15-23.36.46:383][  0]LogShaderCompilers: Cannot use XGE Shader Compiler as Incredibuild is not installed on this machine.
[2018.09.15-23.36.46:383][  0]LogShaderCompilers: Display: Using Local Shader Compiler.
[2018.09.15-23.36.47:294][  0]LogDerivedDataCache: Display: Max Cache Size: 512 MB
[2018.09.15-23.36.47:358][  0]LogDerivedDataCache: Loaded boot cache 0.06s 71MB C:/Users/Jessica/AppData/Local/UnrealEngine/4.20/DerivedDataCache/Boot.ddc.
[2018.09.15-23.36.47:358][  0]LogDerivedDataCache: Display: Loaded Boot cache: C:/Users/Jessica/AppData/Local/UnrealEngine/4.20/DerivedDataCache/Boot.ddc
[2018.09.15-23.36.47:358][  0]LogDerivedDataCache: FDerivedDataBackendGraph:  Pak pak cache file ../../../../../../Users/Jessica/Desktop/300/New/MyProject3/DerivedDataCache/DDC.ddp not found, will not use a pak cache.
[2018.09.15-23.36.47:358][  0]LogDerivedDataCache: Unable to find inner node Pak for hierarchical cache Hierarchy.
[2018.09.15-23.36.47:358][  0]LogDerivedDataCache: FDerivedDataBackendGraph:  CompressedPak pak cache file ../../../../../../Users/Jessica/Desktop/300/New/MyProject3/DerivedDataCache/Compressed.ddp not found, will not use a pak cache.
[2018.09.15-23.36.47:358][  0]LogDerivedDataCache: Unable to find inner node CompressedPak for hierarchical cache Hierarchy.
[2018.09.15-23.36.47:372][  0]LogDerivedDataCache: Display: Pak cache opened for reading ../../../Engine/DerivedDataCache/Compressed.ddp.
[2018.09.15-23.36.47:386][  0]LogDerivedDataCache: Using Local data cache path C:/Users/Jessica/AppData/Local/UnrealEngine/Common/DerivedDataCache: Writable
[2018.09.15-23.36.47:386][  0]LogDerivedDataCache: Shared data cache path not found in *engine.ini, will not use an Shared cache.
[2018.09.15-23.36.47:386][  0]LogDerivedDataCache: Unable to find inner node Shared for hierarchical cache Hierarchy.
[2018.09.15-23.36.47:406][  0]LogMaterial: Verifying Global Shaders for PCD3D_SM5
[2018.09.15-23.36.47:408][  0]LogSlate: Using FreeType 2.6.0
[2018.09.15-23.36.47:409][  0]LogSlate: SlateFontServices - WITH_FREETYPE: 1, WITH_HARFBUZZ: 1
[2018.09.15-23.36.47:509][  0]LogAssetRegistry: FAssetRegistry took 0.0275 seconds to start up
[2018.09.15-23.36.47:928][  0]LogInit: Selected Device Profile: [Windows]
[2018.09.15-23.36.48:094][  0]LogSimplygon: Simplygon DLL not present - disabling.
[2018.09.15-23.36.48:100][  0]LogMeshReduction: Using SimplygonSwarm for distributed automatic mesh merging
[2018.09.15-23.36.48:101][  0]LogMeshReduction: Using ProxyLODMeshReduction for automatic mesh merging
[2018.09.15-23.36.48:101][  0]LogMeshReduction: Using QuadricMeshReduction for automatic static mesh reduction
[2018.09.15-23.36.48:101][  0]LogMeshReduction: No automatic skeletal mesh reduction module available
[2018.09.15-23.36.48:118][  0]LogNetVersion: MyProject3 1.0.0, NetCL: 4212847, EngineNetVer: 5, GameNetVer: 0 (Checksum: 2388168767)
[2018.09.15-23.36.48:889][  0]LogPackageLocalizationCache: Processed 11 localized package path(s) for 2 prioritized culture(s) in 0.248963 seconds
[2018.09.15-23.36.48:896][  0]LogUObjectArray: 38425 objects as part of root set at end of initial load.
[2018.09.15-23.36.48:896][  0]LogUObjectAllocator: 6690872 out of 0 bytes used by permanent object pool.
[2018.09.15-23.36.48:896][  0]LogUObjectArray: CloseDisregardForGC: 0/0 objects in disregard for GC pool
[2018.09.15-23.36.52:234][  0]LogTcpMessaging: Initializing TcpMessaging bridge
[2018.09.15-23.36.52:249][  0]LogUdpMessaging: Initializing bridge on interface 0.0.0.0:0 to multicast group 230.0.0.1:6666.
[2018.09.15-23.36.52:428][  0]SourceControl: Source control is disabled
[2018.09.15-23.36.52:428][  0]SourceControl: Source control is disabled
[2018.09.15-23.36.52:431][  0]SourceControl: Source control is disabled
[2018.09.15-23.36.52:433][  0]SourceControl: Source control is disabled
[2018.09.15-23.36.52:702][  0]LogAndroidPermission: UAndroidPermissionCallbackProxy::GetInstance
[2018.09.15-23.36.52:776][  0]LogOcInput: OculusInput pre-init called
[2018.09.15-23.36.52:852][  0]LogEngine: Initializing Engine...
[2018.09.15-23.36.52:854][  0]LogHMD: Failed to initialize OpenVR with code 110
[2018.09.15-23.36.52:855][  0]LogStats: UGameplayTagsManager::ConstructGameplayTagTree: ImportINI prefixes -  0.000 s
[2018.09.15-23.36.52:855][  0]LogStats: UGameplayTagsManager::ConstructGameplayTagTree: Construct from data asset -  0.000 s
[2018.09.15-23.36.52:856][  0]LogStats: UGameplayTagsManager::ConstructGameplayTagTree: ImportINI -  0.000 s
[2018.09.15-23.36.52:856][  0]LogStats: UGameplayTagsManager::ConstructGameplayTagTree: GameplayTagTreeChangedEvent.Broadcast -  0.000 s
[2018.09.15-23.36.53:087][  0]LogInit: Initializing FReadOnlyCVARCache
[2018.09.15-23.36.53:105][  0]LogAIModule: Creating AISystem for world Untitled
[2018.09.15-23.36.53:134][  0]LogInit: XAudio2 using 'Speakers (Logitech G930 Headset)' : 2 channels at 48 kHz using 16 bits per sample (channel mask 0x3)
[2018.09.15-23.36.53:172][  0]LogInit: FAudioDevice initialized.
[2018.09.15-23.36.53:172][  0]LogNetVersion: Set ProjectVersion to 1.0.0.0. Version Checksum will be recalculated on next use.
[2018.09.15-23.36.53:841][  0]LogDerivedDataCache: Saved boot cache 0.67s 71MB C:/Users/Jessica/AppData/Local/UnrealEngine/4.20/DerivedDataCache/Boot.ddc.
[2018.09.15-23.36.53:841][  0]LogInit: Texture streaming: Enabled
[2018.09.15-23.36.53:886][  0]LogEngineSessionManager: EngineSessionManager initialized
[2018.09.15-23.36.53:904][  0]LogInit: Transaction tracking system initialized
[2018.09.15-23.36.53:940][  0]BlueprintLog: New page: Editor Load
[2018.09.15-23.36.54:059][  0]LocalizationService: Localization service is disabled
[2018.09.15-23.36.54:991][  0]LogCook: Display: Max memory allowance for cook 16384mb min free memory 0mb
[2018.09.15-23.36.54:991][  0]LogCook: Display: Mobile HDR setting 1
[2018.09.15-23.36.54:991][  0]LogGameplayTags: Display: UGameplayTagsManager::DoneAddingNativeTags. DelegateIsBound: 0
[2018.09.15-23.36.54:991][  0]LogStats: UGameplayTagsManager::ConstructGameplayTagTree: ImportINI prefixes -  0.000 s
[2018.09.15-23.36.54:991][  0]LogStats: UGameplayTagsManager::ConstructGameplayTagTree: Construct from data asset -  0.000 s
[2018.09.15-23.36.54:991][  0]LogStats: UGameplayTagsManager::ConstructGameplayTagTree: ImportINI -  0.000 s
[2018.09.15-23.36.54:991][  0]LogStats: UGameplayTagsManager::ConstructGameplayTagTree: GameplayTagTreeChangedEvent.Broadcast -  0.000 s
[2018.09.15-23.36.54:998][  0]LogFileCache: Scanning file cache for directory 'C:/Users/Jessica/Desktop/300/New/MyProject3/Content/' took 0.02s
[2018.09.15-23.36.55:163][  0]SourceControl: Source control is disabled
[2018.09.15-23.36.55:163][  0]Cmd: MAP LOAD FILE="../../../../../../Users/Jessica/Desktop/300/New/MyProject3/Content/TopDownBP/Maps/TopDownExampleMap.umap" TEMPLATE=0 SHOWPROGRESS=1 FEATURELEVEL=3
[2018.09.15-23.36.55:164][  0]LogEditorServer: Warning: Can't find file '../../../../../../Users/Jessica/Desktop/300/New/MyProject3/Content/TopDownBP/Maps/TopDownExampleMap.umap'
[2018.09.15-23.36.55:164][  0]Cmd: MAP CHECKDEP NOCLEARLOG
[2018.09.15-23.36.55:289][  0]MapCheck: Map check complete: 0 Error(s), 0 Warning(s), took 125.079ms to complete.
[2018.09.15-23.36.55:289][  0]LogFileHelpers: Loading map 'TopDownExampleMap' took 0.126
[2018.09.15-23.36.58:616][  0]LogSlate: Updating window title bar state: overlay mode, drag disabled, window buttons hidden, title bar hidden
[2018.09.15-23.36.58:634][  0]LogSlate: Updating window title bar state: overlay mode, drag disabled, window buttons hidden, title bar hidden
[2018.09.15-23.36.58:648][  0]LogSlate: Updating window title bar state: overlay mode, drag disabled, window buttons hidden, title bar hidden
[2018.09.15-23.36.58:657][  0]LogSlate: Updating window title bar state: overlay mode, drag disabled, window buttons hidden, title bar hidden
[2018.09.15-23.36.58:735][  0]LogCollectionManager: Loaded 0 collections in 0.005971 seconds
[2018.09.15-23.36.59:178][  0]LogFileCache: Scanning file cache for directory 'C:/Users/Jessica/Desktop/300/New/MyProject3/Saved/Collections/' took 0.01s
[2018.09.15-23.36.59:179][  0]LogFileCache: Scanning file cache for directory 'C:/Users/Jessica/Desktop/300/New/MyProject3/Content/Developers/Jessica/Collections/' took 0.01s
[2018.09.15-23.36.59:179][  0]LogFileCache: Scanning file cache for directory 'C:/Users/Jessica/Desktop/300/New/MyProject3/Content/Collections/' took 0.01s
[2018.09.15-23.36.59:179][  0]LogCollectionManager: Rebuilt the GUID cache for 0 collections in 0.000001 seconds
[2018.09.15-23.36.59:202][  0]LogContentBrowser: Native class hierarchy populated in 0.0228 seconds. Added 2572 classes and 603 folders.
[2018.09.15-23.36.59:387][  0]LogContentBrowser: Native class hierarchy updated for 'WidgetCarousel' in 0.0006 seconds. Added 0 classes and 0 folders.
[2018.09.15-23.37.04:583][  0]LogContentBrowser: Native class hierarchy updated for 'AddContentDialog' in 0.0006 seconds. Added 0 classes and 0 folders.
[2018.09.15-23.37.04:934][  0]LogContentBrowser: Native class hierarchy updated for 'SceneOutliner' in 0.0006 seconds. Added 1 classes and 2 folders.
[2018.09.15-23.37.06:284][  0]LogSlate: Took 0.000614 seconds to synchronously load lazily loaded font '../../../Engine/Content/Slate/Fonts/Roboto-Regular.ttf' (155K)
[2018.09.15-23.37.06:289][  0]LogSlate: Took 0.000590 seconds to synchronously load lazily loaded font '../../../Engine/Content/Slate/Fonts/Roboto-Bold.ttf' (160K)
[2018.09.15-23.37.06:509][  0]LogSlate: Took 0.034879 seconds to synchronously load lazily loaded font '../../../Engine/Content/Editor/Slate/Fonts/FontAwesome.ttf' (139K)
[2018.09.15-23.37.06:949][  0]LogRenderer: Reallocating scene render targets to support 1132x772 Format 9 NumSamples 1 (Frame:1).
[2018.09.15-23.37.07:814][  0]LogContentBrowser: Native class hierarchy updated for 'HierarchicalLODOutliner' in 0.0004 seconds. Added 0 classes and 0 folders.
[2018.09.15-23.37.07:814][  0]LogLoad: (Engine Initialization) Total time: 26.30 seconds
[2018.09.15-23.37.07:814][  0]LogLoad: (Engine Initialization) Total Blueprint compile time: 0.00 seconds
[2018.09.15-23.37.07:825][  0]LogWindowsTextInputMethodSystem: Display: IME system now deactivated.
[2018.09.15-23.37.08:000][  0]LogContentStreaming: Texture pool size now 400 MB
[2018.09.15-23.37.08:985][ 10]LogSlate: Took 0.055865 seconds to synchronously load lazily loaded font '../../../Engine/Content/Slate/Fonts/Roboto-Light.ttf' (167K)
[2018.09.15-23.37.12:069][142]LogSlate: Took 0.000662 seconds to synchronously load lazily loaded font '../../../Engine/Content/Slate/Fonts/Roboto-Light.ttf' (167K)
[2018.09.15-23.37.21:589][412]LogAssetRegistry: Asset discovery search completed in 34.1025 seconds
[2018.09.15-23.37.21:591][412]LogCollectionManager: Rebuilt the object cache for 0 collections in 0.000001 seconds (found 0 objects)
[2018.09.15-23.37.21:591][412]LogCollectionManager: Fixed up redirectors for 0 collections in 0.000088 seconds (updated 0 objects)
[2018.09.15-23.40.11:005][188]LogSlate: FSceneViewport::OnFocusLost() reason 0
[2018.09.15-23.40.11:691][193]LogStaticMesh: Building static mesh Box001...
[2018.09.15-23.40.11:820][193]LogStaticMesh: Built static mesh [0.15s] /Game/Geometry/Meshes/Box001.Box001
[2018.09.15-23.40.11:861][193]LogSlate: FSceneViewport::OnFocusLost() reason 2
[2018.09.15-23.40.11:870][193]LogAssetEditorManager: Opening Asset editor for Blueprint /Game/Geometry/Meshes/FbxScene_DasExibit.FbxScene_DasExibit
[2018.09.15-23.40.14:583][193]LogContentBrowser: Native class hierarchy updated for 'BlueprintGraph' in 0.0016 seconds. Added 116 classes and 0 folders.
[2018.09.15-23.40.17:665][193]LogSlate: Took 0.035306 seconds to synchronously load lazily loaded font '../../../Engine/Content/Slate/Fonts/Roboto-BoldCondensed.ttf' (158K)
[2018.09.15-23.49.43:902][806]LogRenderer: Reallocating scene render targets to support 1144x808 Format 9 NumSamples 1 (Frame:1).
[2018.09.15-23.50.04:083][ 89]LogSlate: Took 0.017001 seconds to synchronously load lazily loaded font '../../../Engine/Content/Slate/Fonts/Roboto-Italic.ttf' (157K)
[2018.09.15-23.50.06:964][140]LogSlate: Window 'FbxScene_DasExibit' being destroyed
[2018.09.15-23.50.07:453][152]LogSlate: FSceneViewport::OnFocusLost() reason 0
[2018.09.15-23.50.14:737][331]LogTexture: Display: Building textures: HQ_Lightmap0_2 (AutoDXT, 1024X1024)
[2018.09.15-23.50.14:738][331]LogTexture: Display: Building textures: HQ_Lightmap0_1 (AutoDXT, 1024X1024)
[2018.09.15-23.50.14:753][331]LogStaticMesh: Building static mesh Cylinder001...
[2018.09.15-23.50.14:760][331]LogStaticMesh: Built static mesh [0.01s] /Game/Geometry/Meshes/Cylinder001_1.Cylinder001
[2018.09.15-23.50.14:955][331]LogTexture: Display: Building textures: HQ_Lightmap0_3 (AutoDXT, 1024X1024)
[2018.09.15-23.50.15:363][331]LogTexture: Display: Building textures: HQ_Lightmap0_4 (AutoDXT, 64X64)
[2018.09.15-23.50.15:363][331]LogTexture: Display: Building textures: HQ_Lightmap1_5 (AutoDXT, 64X64)
[2018.09.15-23.50.15:648][331]LogTexture: Display: Building textures: LQ_Lightmap_0_2 (DXT1, 1024X1024)
[2018.09.15-23.50.15:648][331]LogTexture: Display: Building textures: LQ_Lightmap_0_1 (DXT1, 1024X1024)
[2018.09.15-23.50.15:648][331]LogTexture: Display: Building textures: LQ_Lightmap_0_3 (DXT1, 1024X1024)
[2018.09.15-23.50.15:649][331]LogTexture: Display: Building textures: LQ_Lightmap_0_4 (DXT1, 64X64)
[2018.09.15-23.50.15:653][331]LogTexture: Display: Building textures: LQ_Lightmap_1_5 (DXT1, 64X64)
[2018.09.15-23.50.15:853][331]LogTexture: Display: Building textures: SkyOcclusion0_2 (AutoDXT, 1024X512)
[2018.09.15-23.50.15:853][331]LogTexture: Display: Building textures: SkyOcclusion0_1 (AutoDXT, 1024X512)
[2018.09.15-23.50.16:208][331]LogTexture: Display: Building textures: SkyOcclusion0_4 (AutoDXT, 64X32)
[2018.09.15-23.50.16:209][331]LogTexture: Display: Building textures: SkyOcclusion1_5 (AutoDXT, 64X32)
[2018.09.15-23.50.16:209][331]LogTexture: Display: Building textures: ShadowMapTexture2D_4 (G8, 512X512)
[2018.09.15-23.50.16:209][331]LogTexture: Display: Building textures: SkyOcclusion0_3 (AutoDXT, 1024X512)
[2018.09.15-23.50.16:209][331]LogTexture: Display: Building textures: ShadowMapTexture2D_5 (G8, 1024X1024)
[2018.09.15-23.50.16:209][331]LogTexture: Display: Building textures: ShadowMapTexture2D_6 (G8, 32X32)
[2018.09.15-23.50.16:209][331]LogTexture: Display: Building textures: ShadowMapTexture2D_7 (G8, 32X32)
[2018.09.15-23.50.16:489][331]LogAIModule: Creating AISystem for world MainZoo
[2018.09.15-23.50.16:686][331]LogAssetEditorManager: Opening Asset editor for World /Game/TopDownBP/Maps/MainZoo.MainZoo
[2018.09.15-23.50.16:773][331]Cmd: MAP LOAD FILE="../../../../../../Users/Jessica/Desktop/300/New/MyProject3/Content/TopDownBP/Maps/MainZoo.umap" TEMPLATE=0 SHOWPROGRESS=1 FEATURELEVEL=3
[2018.09.15-23.50.16:774][331]LightingResults: New page: Lighting Build
[2018.09.15-23.50.16:779][331]LogContentBrowser: Native class hierarchy updated for 'StatsViewer' in 0.0004 seconds. Added 5 classes and 0 folders.
[2018.09.15-23.50.16:780][331]LoadErrors: New page: Loading map: MainZoo.umap
[2018.09.15-23.50.16:780][331]MapCheck: New page: Map Check
[2018.09.15-23.50.16:780][331]LightingResults: New page: Lighting Build
[2018.09.15-23.50.16:878][331]LogEditorServer: Finished looking for orphan Actors (0.000 secs)
[2018.09.15-23.50.16:956][331]Cmd: MAP CHECKDEP NOCLEARLOG
[2018.09.15-23.50.17:139][331]MapCheck: Map check complete: 0 Error(s), 0 Warning(s), took 182.963ms to complete.
[2018.09.15-23.50.17:140][331]LogFileHelpers: Loading map 'MainZoo' took 0.368
[2018.09.15-23.50.59:847][ 13]LogAIModule: Creating AISystem for world Office
[2018.09.15-23.50.59:853][ 13]LogAssetEditorManager: Opening Asset editor for World /Game/TopDownBP/Maps/Office.Office
[2018.09.15-23.50.59:881][ 13]Cmd: MAP LOAD FILE="../../../../../../Users/Jessica/Desktop/300/New/MyProject3/Content/TopDownBP/Maps/Office.umap" TEMPLATE=0 SHOWPROGRESS=1 FEATURELEVEL=3
[2018.09.15-23.50.59:881][ 13]LightingResults: New page: Lighting Build
[2018.09.15-23.50.59:882][ 13]LoadErrors: New page: Loading map: Office.umap
[2018.09.15-23.50.59:884][ 13]MapCheck: New page: Map Check
[2018.09.15-23.50.59:884][ 13]LightingResults: New page: Lighting Build
[2018.09.15-23.50.59:919][ 13]LogEditorServer: Finished looking for orphan Actors (0.000 secs)
[2018.09.15-23.50.59:970][ 13]Cmd: MAP CHECKDEP NOCLEARLOG
[2018.09.15-23.51.00:130][ 13]MapCheck: Map check complete: 0 Error(s), 0 Warning(s), took 159.559ms to complete.
[2018.09.15-23.51.00:131][ 13]LogFileHelpers: Loading map 'Office' took 0.251
[2018.09.15-23.51.08:447][202]Cmd: DELETE
[2018.09.15-23.51.08:448][202]Cmd: ACTOR DELETE
[2018.09.15-23.51.08:512][202]LogEditorActor: Deleted Actor: DecalActor
[2018.09.15-23.51.08:600][202]LogEditorActor: Deleted 1 Actors (0.125 secs)
[2018.09.15-23.51.09:839][226]LogEditorViewport: Clicking on Actor (LMB): StaticMeshActor (Floor)
[2018.09.15-23.51.11:856][258]LogEditorViewport: Clicking on Actor (LMB): StaticMeshActor (Floor)
[2018.09.15-23.51.12:779][272]LogEditorViewport: Clicking on Actor (LMB): TopDownCharacter_C (TopDownCharacter)
[2018.09.15-23.51.15:886][319]LogSlate: FSceneViewport::OnFocusLost() reason 0
[2018.09.15-23.51.51:449][965]LogAssetEditorManager: Opening Asset editor for Blueprint /Game/TopDownBP/Blueprints/TopDownCharacter.TopDownCharacter
[2018.09.16-00.00.59:812][556]LogSavePackage: Moving '../../../../../../Users/Jessica/Desktop/300/New/MyProject3/Saved/Office_Auto1C0DE89204969BEA4301DE18BC229EE96.tmp' to '../../../../../../Users/Jessica/Desktop/300/New/MyProject3/Saved/Autosaves/Game/TopDownBP/Maps/Office_Auto1.umap'
[2018.09.16-00.00.59:847][556]LogFileHelpers: Editor autosave (incl. sublevels) for '/Game/TopDownBP/Maps/Office' took 0.160
[2018.09.16-00.00.59:847][556]LogFileHelpers: Editor autosave (incl. sublevels) for all levels took 0.160
[2018.09.16-00.08.38:365][959]LogActorComponent: UnregisterComponent: (/Engine/Transient.EditorFloorComp) Not registered. Aborting.
[2018.09.16-00.08.49:978][162]LogAIModule: Creating AISystem for world MainZoo
[2018.09.16-00.08.49:994][162]LogAssetEditorManager: Opening Asset editor for World /Game/TopDownBP/Maps/MainZoo.MainZoo
[2018.09.16-00.08.51:835][162]LogSlate: Window 'Save Content' being destroyed
[2018.09.16-00.08.52:008][162]Cmd: OBJ SAVEPACKAGE PACKAGE="/Game/TopDownBP/Maps/Office" FILE="../../../../../../Users/Jessica/Desktop/300/New/MyProject3/Content/TopDownBP/Maps/Office.umap" SILENT=true AUTOSAVING=false KEEPDIRTY=false
[2018.09.16-00.08.52:092][162]LogSavePackage: Moving '../../../../../../Users/Jessica/Desktop/300/New/MyProject3/Saved/Office1813F7454DE57458963DDBA485EA2643.tmp' to '../../../../../../Users/Jessica/Desktop/300/New/MyProject3/Content/TopDownBP/Maps/Office.umap'
[2018.09.16-00.08.52:128][162]LogFileHelpers: Saving map 'Office' took 0.286
[2018.09.16-00.08.52:129][162]Cmd: MAP LOAD FILE="../../../../../../Users/Jessica/Desktop/300/New/MyProject3/Content/TopDownBP/Maps/MainZoo.umap" TEMPLATE=0 SHOWPROGRESS=1 FEATURELEVEL=3
[2018.09.16-00.08.52:129][162]LightingResults: New page: Lighting Build
[2018.09.16-00.08.52:130][162]LoadErrors: New page: Loading map: MainZoo.umap
[2018.09.16-00.08.52:131][162]MapCheck: New page: Map Check
[2018.09.16-00.08.52:131][162]LightingResults: New page: Lighting Build
[2018.09.16-00.08.52:168][162]LogEditorServer: Finished looking for orphan Actors (0.000 secs)
[2018.09.16-00.08.52:220][162]Cmd: MAP CHECKDEP NOCLEARLOG
[2018.09.16-00.08.52:379][162]MapCheck: Map check complete: 0 Error(s), 0 Warning(s), took 158.883ms to complete.
[2018.09.16-00.08.52:382][162]LogFileHelpers: Loading map 'MainZoo' took 0.254
[2018.09.16-00.10.00:252][580]LogEditorViewport: Clicking on Actor (LMB): StaticMeshActor (Wall12)
[2018.09.16-00.10.05:377][769]LogSlate: FSceneViewport::OnFocusLost() reason 0
[2018.09.16-00.10.16:920][216]Cmd: TRANSACTION UNDO
[2018.09.16-00.10.16:920][216]LogEditorTransaction: Undo Scale Actors
[2018.09.16-00.10.16:927][216]LogActorComponent: ~FComponentReregisterContext: (/Game/TopDownBP/Maps/MainZoo.MainZoo:PersistentLevel.Wall8.StaticMeshComponent0) Component already registered.
[2018.09.16-00.10.16:927][216]LogActorComponent: ~FComponentReregisterContext: (/Game/TopDownBP/Maps/MainZoo.MainZoo:PersistentLevel.Wall6.StaticMeshComponent0) Component already registered.
[2018.09.16-00.10.21:328][394]Cmd: TRANSACTION UNDO
[2018.09.16-00.10.21:328][394]LogEditorTransaction: Undo Scale Actors
[2018.09.16-00.10.21:358][394]LogActorComponent: ~FComponentReregisterContext: (/Game/TopDownBP/Maps/MainZoo.MainZoo:PersistentLevel.Wall8.StaticMeshComponent0) Component already registered.
[2018.09.16-00.10.21:358][394]LogActorComponent: ~FComponentReregisterContext: (/Game/TopDownBP/Maps/MainZoo.MainZoo:PersistentLevel.Wall6.StaticMeshComponent0) Component already registered.
[2018.09.16-00.10.24:917][509]Cmd: TRANSACTION UNDO
[2018.09.16-00.10.24:918][509]LogEditorTransaction: Undo Scale Actors
[2018.09.16-00.10.24:924][509]LogActorComponent: ~FComponentReregisterContext: (/Game/TopDownBP/Maps/MainZoo.MainZoo:PersistentLevel.Wall8.StaticMeshComponent0) Component already registered.
[2018.09.16-00.10.24:925][509]LogActorComponent: ~FComponentReregisterContext: (/Game/TopDownBP/Maps/MainZoo.MainZoo:PersistentLevel.Wall6.StaticMeshComponent0) Component already registered.
[2018.09.16-00.10.41:539][123]LogEditorViewport: Clicking on Actor (LMB): StaticMeshActor (Wall3)
[2018.09.16-00.10.57:439][729]LogEditorViewport: Clicking on Actor (LMB): StaticMeshActor (Wall11)
[2018.09.16-00.11.16:892][517]LogEditorViewport: Clicking on Actor (LMB): StaticMeshActor (Wall8)
[2018.09.16-00.11.37:205][329]LogEditorViewport: Clicking on Actor (LMB): StaticMeshActor (Wall4)
[2018.09.16-00.11.50:466][845]Cmd: TRANSACTION UNDO
[2018.09.16-00.11.50:466][845]LogEditorTransaction: Undo Move Actors
[2018.09.16-00.12.05:468][439]LogSlate: FSceneViewport::OnFocusLost() reason 0
[2018.09.16-00.12.15:805][839]Cmd: TRANSACTION UNDO
[2018.09.16-00.12.15:805][839]LogEditorTransaction: Undo Move Actors
[2018.09.16-00.12.16:475][860]Cmd: TRANSACTION UNDO
[2018.09.16-00.12.16:475][860]LogEditorTransaction: Undo Clicking on Actors
[2018.09.16-00.12.17:831][903]LogSlate: FSceneViewport::OnFocusLost() reason 0
[2018.09.16-00.12.45:306][947]LogEditorViewport: Clicking on Actor (LMB): StaticMeshActor (Cone)
[2018.09.16-00.12.50:362][140]LogEditorViewport: Clicking Background
[2018.09.16-00.13.36:465][992]LogSlate: FSceneViewport::OnFocusLost() reason 0
[2018.09.16-00.13.36:972][997]LogSavePackage: Moving '../../../../../../Users/Jessica/Desktop/300/New/MyProject3/Saved/MainZoo048096114AD1AE2238B446BEF17E4311.tmp' to '../../../../../../Users/Jessica/Desktop/300/New/MyProject3/Content/TopDownBP/Maps/MainZoo.umap'
[2018.09.16-00.13.37:014][997]Cmd: OBJ SAVEPACKAGE PACKAGE="/Game/TopDownBP/Maps/MainZoo_BuiltData" FILE="../../../../../../Users/Jessica/Desktop/300/New/MyProject3/Content/TopDownBP/Maps/MainZoo_BuiltData.uasset" SILENT=true
[2018.09.16-00.13.37:357][997]LogSavePackage: Moving '../../../../../../Users/Jessica/Desktop/300/New/MyProject3/Saved/MainZoo_BuiltDataB00A236D47F1E07D8A42E38780E19248.tmp' to '../../../../../../Users/Jessica/Desktop/300/New/MyProject3/Content/TopDownBP/Maps/MainZoo_BuiltData.uasset'
[2018.09.16-00.13.39:041][ 64]LogSlate: Window 'MyProject3 - Unreal Editor' being destroyed
[2018.09.16-00.13.39:261][ 65]Cmd: QUIT_EDITOR
[2018.09.16-00.13.39:312][ 65]LogWindowsTextInputMethodSystem: Display: IME system now deactivated.
[2018.09.16-00.13.39:328][ 65]LogExit: Preparing to exit.
[2018.09.16-00.13.40:496][ 65]LogExit: Editor shut down
[2018.09.16-00.13.40:496][ 65]LogExit: Transaction tracking system shut down
[2018.09.16-00.13.41:213][ 65]LogExit: Object subsystem successfully closed.
[2018.09.16-00.13.41:223][ 65]LogShaderCompilers: Display: Shaders left to compile 0
[2018.09.16-00.13.41:227][ 65]LogD3D11RHI: Shutdown
[2018.09.16-00.13.41:227][ 65]LogD3D11RHI: CleanupD3DDevice
[2018.09.16-00.13.41:229][ 65]LogD3D11RHI: ~FD3D11DynamicRHI
[2018.09.16-00.13.41:275][ 65]LogModuleManager: Shutting down and abandoning module StatsViewer (614)
[2018.09.16-00.13.41:275][ 65]LogModuleManager: Shutting down and abandoning module BlueprintGraph (612)
[2018.09.16-00.13.41:275][ 65]LogModuleManager: Shutting down and abandoning module MeshBuilder (610)
[2018.09.16-00.13.41:275][ 65]LogModuleManager: Shutting down and abandoning module HierarchicalLODOutliner (608)
[2018.09.16-00.13.41:275][ 65]LogModuleManager: Shutting down and abandoning module SceneOutliner (606)
[2018.09.16-00.13.41:275][ 65]LogModuleManager: Shutting down and abandoning module AddContentDialog (604)
[2018.09.16-00.13.41:279][ 65]LogModuleManager: Shutting down and abandoning module WidgetCarousel (603)
[2018.09.16-00.13.41:279][ 65]LogModuleManager: Shutting down and abandoning module EditorWidgets (600)
[2018.09.16-00.13.41:280][ 65]LogModuleManager: Shutting down and abandoning module CollectionManager (598)
[2018.09.16-00.13.41:280][ 65]LogModuleManager: Shutting down and abandoning module FoliageEdit (596)
[2018.09.16-00.13.41:280][ 65]LogModuleManager: Shutting down and abandoning module LandscapeEditor (594)
[2018.09.16-00.13.41:280][ 65]LogModuleManager: Shutting down and abandoning module MeshPaintMode (592)
[2018.09.16-00.13.41:280][ 65]LogModuleManager: Shutting down and abandoning module SceneDepthPickerMode (590)
[2018.09.16-00.13.41:280][ 65]LogModuleManager: Shutting down and abandoning module ActorPickerMode (588)
[2018.09.16-00.13.41:280][ 65]LogModuleManager: Shutting down and abandoning module GeometryMode (586)
[2018.09.16-00.13.41:280][ 65]LogModuleManager: Shutting down and abandoning module TextureAlignMode (584)
[2018.09.16-00.13.41:280][ 65]LogModuleManager: Shutting down and abandoning module BspMode (582)
[2018.09.16-00.13.41:280][ 65]LogModuleManager: Shutting down and abandoning module PIEPreviewDeviceProfileSelector (580)
[2018.09.16-00.13.41:280][ 65]LogModuleManager: Shutting down and abandoning module SequenceRecorderSections (578)
[2018.09.16-00.13.41:280][ 65]LogModuleManager: Shutting down and abandoning module AutomationWorker (576)
[2018.09.16-00.13.41:280][ 65]LogModuleManager: Shutting down and abandoning module AudioCaptureEditor (574)
[2018.09.16-00.13.41:280][ 65]LogModuleManager: Shutting down and abandoning module SequenceRecorder (573)
[2018.09.16-00.13.41:280][ 65]LogModuleManager: Shutting down and abandoning module MatineeToLevelSequence (570)
[2018.09.16-00.13.41:280][ 65]LogModuleManager: Shutting down and abandoning module LevelSequenceEditor (568)
[2018.09.16-00.13.41:281][ 65]LogModuleManager: Shutting down and abandoning module PlacementMode (567)
[2018.09.16-00.13.41:281][ 65]LogModuleManager: Shutting down and abandoning module MaterialEditor (566)
[2018.09.16-00.13.41:281][ 65]LogModuleManager: Shutting down and abandoning module WmfMediaFactory (562)
[2018.09.16-00.13.41:281][ 65]LogModuleManager: Shutting down and abandoning module WmfMediaEditor (560)
[2018.09.16-00.13.41:281][ 65]LogModuleManager: Shutting down and abandoning module MediaPlayerEditor (558)
[2018.09.16-00.13.41:281][ 65]LogModuleManager: Shutting down and abandoning module OpenExrWrapper (556)
[2018.09.16-00.13.41:281][ 65]LogModuleManager: Shutting down and abandoning module ImgMediaFactory (554)
[2018.09.16-00.13.41:281][ 65]LogModuleManager: Shutting down and abandoning module ImgMediaEditor (552)
[2018.09.16-00.13.41:281][ 65]LogModuleManager: Shutting down and abandoning module AvfMediaFactory (550)
[2018.09.16-00.13.41:281][ 65]LogModuleManager: Shutting down and abandoning module AvfMediaEditor (548)
[2018.09.16-00.13.41:281][ 65]LogModuleManager: Shutting down and abandoning module AndroidMediaFactory (546)
[2018.09.16-00.13.41:281][ 65]LogModuleManager: Shutting down and abandoning module AndroidMediaEditor (544)
[2018.09.16-00.13.41:281][ 65]LogModuleManager: Shutting down and abandoning module MagicLeapCameraPreviewFactory (542)
[2018.09.16-00.13.41:281][ 65]LogModuleManager: Shutting down and abandoning module MagicLeapMediaFactory (540)
[2018.09.16-00.13.41:281][ 65]LogModuleManager: Shutting down and abandoning module MagicLeapMediaEditor (538)
[2018.09.16-00.13.41:281][ 65]LogModuleManager: Shutting down and abandoning module CharacterAI (536)
[2018.09.16-00.13.41:281][ 65]LogModuleManager: Shutting down and abandoning module SmartSnapping (534)
[2018.09.16-00.13.41:281][ 65]LogModuleManager: Shutting down and abandoning module SessionServices (532)
[2018.09.16-00.13.41:281][ 65]LogModuleManager: Shutting down and abandoning module ViewportSnapping (530)
[2018.09.16-00.13.41:281][ 65]LogModuleManager: Shutting down and abandoning module ViewportInteraction (528)
[2018.09.16-00.13.41:281][ 65]LogModuleManager: Shutting down and abandoning module ClothPainter (526)
[2018.09.16-00.13.41:281][ 65]LogModuleManager: Shutting down and abandoning module SkeletalMeshEditor (525)
[2018.09.16-00.13.41:281][ 65]LogModuleManager: Shutting down and abandoning module LogVisualizer (522)
[2018.09.16-00.13.41:282][ 65]LogModuleManager: Shutting down and abandoning module IntroTutorials (520)
[2018.09.16-00.13.41:282][ 65]LogModuleManager: Shutting down and abandoning module GameProjectGeneration (519)
[2018.09.16-00.13.41:282][ 65]LogModuleManager: Shutting down and abandoning module LuminPlatformEditor (516)
[2018.09.16-00.13.41:282][ 65]LogModuleManager: Shutting down and abandoning module IOSPlatformEditor (514)
[2018.09.16-00.13.41:282][ 65]LogModuleManager: Shutting down and abandoning module HTML5PlatformEditor (512)
[2018.09.16-00.13.41:282][ 65]LogModuleManager: Shutting down and abandoning module AndroidPlatformEditor (510)
[2018.09.16-00.13.41:282][ 65]LogModuleManager: Shutting down and abandoning module AndroidDeviceDetection (509)
[2018.09.16-00.13.41:340][ 65]LogModuleManager: Shutting down and abandoning module WindowsPlatformEditor (506)
[2018.09.16-00.13.41:341][ 65]LogModuleManager: Shutting down and abandoning module LuminRuntimeSettings (504)
[2018.09.16-00.13.41:341][ 65]LogModuleManager: Shutting down and abandoning module IOSRuntimeSettings (502)
[2018.09.16-00.13.41:341][ 65]LogModuleManager: Shutting down and abandoning module AndroidRuntimeSettings (500)
[2018.09.16-00.13.41:341][ 65]LogModuleManager: Shutting down and abandoning module InputBindingEditor (498)
[2018.09.16-00.13.41:341][ 65]LogModuleManager: Shutting down and abandoning module MergeActors (496)
[2018.09.16-00.13.41:341][ 65]LogModuleManager: Shutting down and abandoning module LocalizationDashboard (494)
[2018.09.16-00.13.41:341][ 65]LogModuleManager: Shutting down and abandoning module LocalizationService (493)
[2018.09.16-00.13.41:341][ 65]LogModuleManager: Shutting down and abandoning module HardwareTargeting (490)
[2018.09.16-00.13.41:341][ 65]LogModuleManager: Shutting down and abandoning module DeviceProfileEditor (488)
[2018.09.16-00.13.41:341][ 65]LogModuleManager: Shutting down and abandoning module UndoHistory (486)
[2018.09.16-00.13.41:341][ 65]LogModuleManager: Shutting down and abandoning module XmlParser (484)
[2018.09.16-00.13.41:342][ 65]LogModuleManager: Shutting down and abandoning module Blutility (482)
[2018.09.16-00.13.41:342][ 65]LogModuleManager: Shutting down and abandoning module ProjectSettingsViewer (480)
[2018.09.16-00.13.41:342][ 65]LogModuleManager: Shutting down and abandoning module ProjectTargetPlatformEditor (479)
[2018.09.16-00.13.41:342][ 65]LogModuleManager: Shutting down and abandoning module EditorSettingsViewer (476)
[2018.09.16-00.13.41:342][ 65]LogModuleManager: Shutting down and abandoning module SettingsEditor (474)
[2018.09.16-00.13.41:342][ 65]LogModuleManager: Shutting down and abandoning module ProjectLauncher (472)
[2018.09.16-00.13.41:343][ 65]LogModuleManager: Shutting down and abandoning module SessionFrontend (470)
[2018.09.16-00.13.41:343][ 65]LogModuleManager: Shutting down and abandoning module ProfilerClient (468)
[2018.09.16-00.13.41:343][ 65]LogModuleManager: Shutting down and abandoning module DeviceManager (466)
[2018.09.16-00.13.41:343][ 65]LogModuleManager: Shutting down and abandoning module TargetDeviceServices (465)
[2018.09.16-00.13.41:397][ 65]LogModuleManager: Shutting down and abandoning module AutomationController (462)
[2018.09.16-00.13.41:397][ 65]LogModuleManager: Shutting down and abandoning module AutomationWindow (460)
[2018.09.16-00.13.41:397][ 65]LogModuleManager: Shutting down and abandoning module Layers (458)
[2018.09.16-00.13.41:397][ 65]LogModuleManager: Shutting down and abandoning module ComponentVisualizers (456)
[2018.09.16-00.13.41:397][ 65]LogModuleManager: Shutting down and abandoning module DetailCustomizations (454)
[2018.09.16-00.13.41:397][ 65]LogModuleManager: Shutting down and abandoning module PackagesDialog (452)
[2018.09.16-00.13.41:398][ 65]LogModuleManager: Shutting down and abandoning module Persona (450)
[2018.09.16-00.13.41:398][ 65]LogModuleManager: Shutting down and abandoning module AdvancedPreviewScene (449)
[2018.09.16-00.13.41:398][ 65]LogModuleManager: Shutting down and abandoning module AnimGraph (447)
[2018.09.16-00.13.41:398][ 65]LogModuleManager: Shutting down and abandoning module Kismet (444)
[2018.09.16-00.13.41:406][ 65]LogModuleManager: Shutting down and abandoning module GraphEditor (442)
[2018.09.16-00.13.41:406][ 65]LogModuleManager: Shutting down and abandoning module ClassViewer (440)
[2018.09.16-00.13.41:406][ 65]LogModuleManager: Shutting down and abandoning module Toolbox (438)
[2018.09.16-00.13.41:406][ 65]LogModuleManager: Shutting down and abandoning module ModuleUI (436)
[2018.09.16-00.13.41:406][ 65]LogModuleManager: Shutting down and abandoning module MovieSceneTools (434)
[2018.09.16-00.13.41:406][ 65]LogModuleManager: Shutting down and abandoning module OutputLog (432)
[2018.09.16-00.13.41:406][ 65]LogModuleManager: Shutting down and abandoning module GammaUI (430)
[2018.09.16-00.13.41:406][ 65]LogModuleManager: Shutting down and abandoning module Documentation (428)
[2018.09.16-00.13.41:407][ 65]LogModuleManager: Shutting down and abandoning module MovieSceneTracks (426)
[2018.09.16-00.13.41:407][ 65]LogModuleManager: Shutting down and abandoning module MovieScene (424)
[2018.09.16-00.13.41:407][ 65]LogModuleManager: Shutting down and abandoning module StreamingPauseRendering (422)
[2018.09.16-00.13.41:407][ 65]LogModuleManager: Shutting down and abandoning module LauncherPlatform (420)
[2018.09.16-00.13.41:407][ 65]LogModuleManager: Shutting down and abandoning module AnalyticsET (418)
[2018.09.16-00.13.41:407][ 65]LogModuleManager: Shutting down and abandoning module PortalServices (416)
[2018.09.16-00.13.41:407][ 65]LogModuleManager: Shutting down and abandoning module PortalRpc (414)
[2018.09.16-00.13.41:407][ 65]LogModuleManager: Shutting down and abandoning module MessagingRpc (412)
[2018.09.16-00.13.41:407][ 65]LogModuleManager: Shutting down and abandoning module AIModule (410)
[2018.09.16-00.13.41:407][ 65]LogModuleManager: Shutting down and abandoning module GameplayDebugger (409)
[2018.09.16-00.13.41:407][ 65]LogModuleManager: Shutting down and abandoning module AITestSuite (407)
[2018.09.16-00.13.41:407][ 65]LogModuleManager: Shutting down and abandoning module NavigationSystem (405)
[2018.09.16-00.13.41:408][ 65]LogModuleManager: Shutting down and abandoning module DesktopPlatform (402)
[2018.09.16-00.13.41:408][ 65]LogModuleManager: Shutting down and abandoning module ProfilerService (400)
[2018.09.16-00.13.41:482][ 65]LogModuleManager: Shutting down and abandoning module TaskGraph (398)
[2018.09.16-00.13.41:482][ 65]LogModuleManager: Shutting down and abandoning module SteamVRController (396)
[2018.09.16-00.13.41:482][ 65]LogModuleManager: Shutting down and abandoning module ProceduralMeshComponentEditor (394)
[2018.09.16-00.13.41:482][ 65]LogModuleManager: Shutting down and abandoning module ProceduralMeshComponent (392)
[2018.09.16-00.13.41:482][ 65]LogModuleManager: Shutting down and abandoning module OculusInput (390)
[2018.09.16-00.13.41:482][ 65]LogModuleManager: Shutting down and abandoning module MobilePatchingUtils (388)
[2018.09.16-00.13.41:482][ 65]LogModuleManager: Shutting down and abandoning module EditableMesh (386)
[2018.09.16-00.13.41:482][ 65]LogModuleManager: Shutting down and abandoning module CustomMeshComponent (384)
[2018.09.16-00.13.41:482][ 65]LogModuleManager: Shutting down and abandoning module CableComponent (382)
[2018.09.16-00.13.41:483][ 65]LogModuleManager: Shutting down and abandoning module AudioCapture (380)
[2018.09.16-00.13.41:483][ 65]LogModuleManager: Shutting down and abandoning module ArchVisCharacter (378)
[2018.09.16-00.13.41:483][ 65]LogModuleManager: Shutting down and abandoning module AndroidPermission (376)
[2018.09.16-00.13.41:483][ 65]LogModuleManager: Shutting down and abandoning module NUTUnrealEngine4 (374)
[2018.09.16-00.13.41:483][ 65]LogModuleManager: Shutting down and abandoning module NetcodeUnitTest (372)
[2018.09.16-00.13.41:483][ 65]LogModuleManager: Shutting down and abandoning module MediaCompositingEditor (370)
[2018.09.16-00.13.41:483][ 65]LogModuleManager: Shutting down and abandoning module MediaCompositing (368)
[2018.09.16-00.13.41:483][ 65]LogModuleManager: Shutting down and abandoning module LinearTimecode (366)
[2018.09.16-00.13.41:483][ 65]LogModuleManager: Shutting down and abandoning module ImgMedia (364)
[2018.09.16-00.13.41:489][ 65]LogModuleManager: Shutting down and abandoning module HTML5Networking (362)
[2018.09.16-00.13.41:489][ 65]LogModuleManager: Shutting down and abandoning module GeometryCacheTracks (360)
[2018.09.16-00.13.41:489][ 65]LogModuleManager: Shutting down and abandoning module GeometryCacheSequencer (358)
[2018.09.16-00.13.41:489][ 65]LogModuleManager: Shutting down and abandoning module BackChannel (356)
[2018.09.16-00.13.41:490][ 65]LogModuleManager: Shutting down and abandoning module AppleVision (354)
[2018.09.16-00.13.41:490][ 65]LogModuleManager: Shutting down and abandoning module AppleImageUtils (352)
[2018.09.16-00.13.41:490][ 65]LogModuleManager: Shutting down and abandoning module AlembicImporter (350)
[2018.09.16-00.13.41:490][ 65]LogModuleManager: Shutting down and abandoning module AlembicLibrary (349)
[2018.09.16-00.13.41:490][ 65]LogModuleManager: Shutting down and abandoning module GeometryCache (348)
[2018.09.16-00.13.41:490][ 65]LogModuleManager: Shutting down and abandoning module GeometryCacheEd (347)
[2018.09.16-00.13.41:490][ 65]LogModuleManager: Shutting down and abandoning module DatasmithContentEditor (342)
[2018.09.16-00.13.41:490][ 65]LogModuleManager: Shutting down and abandoning module DatasmithContent (340)
[2018.09.16-00.13.41:492][ 65]LogModuleManager: Shutting down and abandoning module SpeedTreeImporter (338)
[2018.09.16-00.13.41:492][ 65]LogModuleManager: Shutting down and abandoning module PluginBrowser (336)
[2018.09.16-00.13.41:492][ 65]LogModuleManager: Shutting down and abandoning module MobileLauncherProfileWizard (334)
[2018.09.16-00.13.41:492][ 65]LogModuleManager: Shutting down and abandoning module PolygonModeling (332)
[2018.09.16-00.13.41:492][ 65]LogModuleManager: Shutting down and abandoning module MeshEditor (330)
[2018.09.16-00.13.41:492][ 65]LogModuleManager: Shutting down and abandoning module CryptoKeysOpenSSL (328)
[2018.09.16-00.13.41:492][ 65]LogModuleManager: Shutting down and abandoning module CryptoKeys (326)
[2018.09.16-00.13.41:493][ 65]LogModuleManager: Shutting down and abandoning module VisualStudioSourceCodeAccess (324)
[2018.09.16-00.13.41:493][ 65]LogModuleManager: Shutting down and abandoning module VisualStudioCodeSourceCodeAccess (322)
[2018.09.16-00.13.41:493][ 65]LogModuleManager: Shutting down and abandoning module UObjectPlugin (320)
[2018.09.16-00.13.41:493][ 65]LogModuleManager: Shutting down and abandoning module SubversionSourceControl (318)
[2018.09.16-00.13.41:493][ 65]LogModuleManager: Shutting down and abandoning module PerforceSourceControl (316)
[2018.09.16-00.13.41:493][ 65]LogModuleManager: Shutting down and abandoning module GitSourceControl (314)
[2018.09.16-00.13.41:493][ 65]LogModuleManager: Shutting down and abandoning module SourceControl (313)
[2018.09.16-00.13.41:493][ 65]LogModuleManager: Shutting down and abandoning module CLionSourceCodeAccess (310)
[2018.09.16-00.13.41:493][ 65]LogModuleManager: Shutting down and abandoning module LightPropagationVolumeEditor (308)
[2018.09.16-00.13.41:493][ 65]LogModuleManager: Shutting down and abandoning module PaperTiledImporter (306)
[2018.09.16-00.13.41:494][ 65]LogModuleManager: Shutting down and abandoning module PaperSpriteSheetImporter (304)
[2018.09.16-00.13.41:494][ 65]LogModuleManager: Shutting down and abandoning module Paper2DEditor (302)
[2018.09.16-00.13.41:494][ 65]LogModuleManager: Shutting down and abandoning module MeshPaint (301)
[2018.09.16-00.13.41:494][ 65]LogModuleManager: Shutting down and abandoning module RuntimePhysXCooking (298)
[2018.09.16-00.13.41:494][ 65]LogModuleManager: Shutting down and abandoning module PhysXVehiclesEditor (296)
[2018.09.16-00.13.41:494][ 65]LogModuleManager: Shutting down and abandoning module PhysXVehicles (294)
[2018.09.16-00.13.41:494][ 65]LogModuleManager: Shutting down and abandoning module OculusEditor (292)
[2018.09.16-00.13.41:494][ 65]LogModuleManager: Shutting down and abandoning module LocationServicesBPLibrary (290)
[2018.09.16-00.13.41:494][ 65]LogModuleManager: Shutting down and abandoning module ImmediatePhysicsEditor (288)
[2018.09.16-00.13.41:494][ 65]LogModuleManager: Shutting down and abandoning module ImmediatePhysics (286)
[2018.09.16-00.13.41:494][ 65]LogModuleManager: Shutting down and abandoning module ActorSequence (284)
[2018.09.16-00.13.41:495][ 65]LogModuleManager: Shutting down and abandoning module UdpMessaging (282)
[2018.09.16-00.13.41:596][ 65]LogModuleManager: Shutting down and abandoning module TcpMessaging (280)
[2018.09.16-00.13.41:697][ 65]LogModuleManager: Shutting down and abandoning module MagicLeapAudio (278)
[2018.09.16-00.13.41:697][ 65]LogModuleManager: Shutting down and abandoning module GameplayTagsEditor (276)
[2018.09.16-00.13.41:697][ 65]LogModuleManager: Shutting down and abandoning module FacialAnimationEditor (274)
[2018.09.16-00.13.41:697][ 65]LogModuleManager: Shutting down and abandoning module FacialAnimation (272)
[2018.09.16-00.13.41:697][ 65]LogModuleManager: Shutting down and abandoning module DataValidation (270)
[2018.09.16-00.13.41:697][ 65]LogModuleManager: Shutting down and abandoning module AssetManagerEditor (268)
[2018.09.16-00.13.41:697][ 65]LogModuleManager: Shutting down and abandoning module LevelEditor (267)
[2018.09.16-00.13.41:699][ 65]LogModuleManager: Shutting down and abandoning module PixelInspectorModule (266)
[2018.09.16-00.13.41:699][ 65]LogModuleManager: Shutting down and abandoning module CommonMenuExtensions (264)
[2018.09.16-00.13.41:699][ 65]LogModuleManager: Shutting down and abandoning module MainFrame (262)
[2018.09.16-00.13.41:700][ 65]LogModuleManager: Shutting down and abandoning module HotReload (261)
[2018.09.16-00.13.41:701][ 65]LogModuleManager: Shutting down and abandoning module ContentBrowser (257)
[2018.09.16-00.13.41:704][ 65]LogModuleManager: Shutting down and abandoning module TreeMap (255)
[2018.09.16-00.13.41:704][ 65]LogModuleManager: Shutting down and abandoning module LightPropagationVolumeRuntime (252)
[2018.09.16-00.13.41:704][ 65]LogModuleManager: Shutting down and abandoning module AISupportModule (250)
[2018.09.16-00.13.41:704][ 65]LogModuleManager: Shutting down and abandoning module Paper2D (248)
[2018.09.16-00.13.41:704][ 65]LogModuleManager: Shutting down and abandoning module WindowsMoviePlayer (246)
[2018.09.16-00.13.41:704][ 65]LogModuleManager: Shutting down and abandoning module WmfMedia (244)
[2018.09.16-00.13.41:706][ 65]LogModuleManager: Shutting down and abandoning module Media (243)
[2018.09.16-00.13.41:713][ 65]LogModuleManager: Shutting down and abandoning module PacketHandler (240)
[2018.09.16-00.13.41:713][ 65]LogModuleManager: Shutting down and abandoning module ClothingSystemEditor (238)
[2018.09.16-00.13.41:714][ 65]LogModuleManager: Shutting down and abandoning module ClothingSystemRuntime (236)
[2018.09.16-00.13.41:714][ 65]LogModuleManager: Shutting down and abandoning module MediaAssets (234)
[2018.09.16-00.13.41:714][ 65]LogModuleManager: Shutting down and abandoning module Overlay (232)
[2018.09.16-00.13.41:714][ 65]LogModuleManager: Shutting down and abandoning module OverlayEditor (231)
[2018.09.16-00.13.41:714][ 65]LogModuleManager: Shutting down and abandoning module VREditor (228)
[2018.09.16-00.13.41:714][ 65]LogModuleManager: Shutting down and abandoning module StringTableEditor (226)
[2018.09.16-00.13.41:714][ 65]LogModuleManager: Shutting down and abandoning module GameplayTasksEditor (224)
[2018.09.16-00.13.41:714][ 65]LogModuleManager: Shutting down and abandoning module BehaviorTreeEditor (222)
[2018.09.16-00.13.41:714][ 65]LogModuleManager: Shutting down and abandoning module FunctionalTesting (220)
[2018.09.16-00.13.41:714][ 65]LogModuleManager: Shutting down and abandoning module CollisionAnalyzer (218)
[2018.09.16-00.13.41:714][ 65]LogModuleManager: Shutting down and abandoning module WorkspaceMenuStructure (217)
[2018.09.16-00.13.41:715][ 65]LogModuleManager: Shutting down and abandoning module UMG (214)
[2018.09.16-00.13.41:715][ 65]LogModuleManager: Shutting down and abandoning module UMGEditor (213)
[2018.09.16-00.13.41:715][ 65]LogModuleManager: Shutting down and abandoning module Sequencer (212)
[2018.09.16-00.13.41:715][ 65]LogModuleManager: Shutting down and abandoning module MessageLog (209)
[2018.09.16-00.13.41:715][ 65]LogModuleManager: Shutting down and abandoning module SlateReflector (204)
[2018.09.16-00.13.41:715][ 65]LogModuleManager: Shutting down and abandoning module Slate (202)
[2018.09.16-00.13.41:715][ 65]LogModuleManager: Shutting down and abandoning module EditorStyle (200)
[2018.09.16-00.13.41:719][ 65]LogModuleManager: Shutting down and abandoning module MRMesh (198)
[2018.09.16-00.13.41:719][ 65]LogModuleManager: Shutting down and abandoning module SourceCodeAccess (196)
[2018.09.16-00.13.41:719][ 65]LogModuleManager: Shutting down and abandoning module HeadMountedDisplay (194)
[2018.09.16-00.13.41:719][ 65]LogModuleManager: Shutting down and abandoning module XAudio2 (192)
[2018.09.16-00.13.41:719][ 65]LogModuleManager: Shutting down and abandoning module Networking (190)
[2018.09.16-00.13.41:719][ 65]LogModuleManager: Shutting down and abandoning module Core (188)
[2018.09.16-00.13.41:720][ 65]LogModuleManager: Shutting down and abandoning module LevelSequence (186)
[2018.09.16-00.13.41:720][ 65]LogModuleManager: Shutting down and abandoning module KismetCompiler (184)
[2018.09.16-00.13.41:720][ 65]LogModuleManager: Shutting down and abandoning module MeshUtilities (182)
[2018.09.16-00.13.41:720][ 65]LogModuleManager: Shutting down and abandoning module MeshMergeUtilities (181)
[2018.09.16-00.13.41:720][ 65]LogModuleManager: Shutting down and abandoning module MeshReductionInterface (180)
[2018.09.16-00.13.41:720][ 65]LogModuleManager: Shutting down and abandoning module SimplygonSwarm (179)
[2018.09.16-00.13.41:720][ 65]LogModuleManager: Shutting down and abandoning module ProxyLODMeshReduction (177)
[2018.09.16-00.13.41:720][ 65]LogModuleManager: Shutting down and abandoning module SimplygonMeshReduction (175)
[2018.09.16-00.13.41:720][ 65]LogModuleManager: Shutting down and abandoning module QuadricMeshReduction (173)
[2018.09.16-00.13.41:720][ 65]LogModuleManager: Shutting down and abandoning module MaterialBaking (169)
[2018.09.16-00.13.41:720][ 65]LogModuleManager: Shutting down and abandoning module DirectoryWatcher (165)
[2018.09.16-00.13.41:721][ 65]LogModuleManager: Shutting down and abandoning module DerivedDataCache (162)
[2018.09.16-00.13.41:774][ 65]LogDerivedDataCache: Shutdown
[2018.09.16-00.13.41:774][ 65]LogModuleManager: Shutting down and abandoning module XGEController (160)
[2018.09.16-00.13.41:774][ 65]LogModuleManager: Shutting down and abandoning module TargetPlatform (158)
[2018.09.16-00.13.41:774][ 65]LogModuleManager: Shutting down and abandoning module VulkanShaderFormat (157)
[2018.09.16-00.13.41:774][ 65]LogModuleManager: Shutting down and abandoning module ShaderFormatVectorVM (155)
[2018.09.16-00.13.41:774][ 65]LogModuleManager: Shutting down and abandoning module ShaderFormatOpenGL (153)
[2018.09.16-00.13.41:774][ 65]LogModuleManager: Shutting down and abandoning module ShaderFormatD3D (151)
[2018.09.16-00.13.41:774][ 65]LogModuleManager: Shutting down and abandoning module MetalShaderFormat (149)
[2018.09.16-00.13.41:774][ 65]LogModuleManager: Shutting down and abandoning module TextureFormatUncompressed (147)
[2018.09.16-00.13.41:774][ 65]LogModuleManager: Shutting down and abandoning module TextureFormatPVR (145)
[2018.09.16-00.13.41:774][ 65]LogModuleManager: Shutting down and abandoning module TextureFormatDXT (143)
[2018.09.16-00.13.41:775][ 65]LogModuleManager: Shutting down and abandoning module TextureFormatIntelISPCTexComp (141)
[2018.09.16-00.13.41:775][ 65]LogModuleManager: Shutting down and abandoning module TextureFormatASTC (139)
[2018.09.16-00.13.41:775][ 65]LogModuleManager: Shutting down and abandoning module ImageWrapper (138)
[2018.09.16-00.13.41:775][ 65]LogModuleManager: Shutting down and abandoning module TextureFormatAndroid (135)
[2018.09.16-00.13.41:775][ 65]LogModuleManager: Shutting down and abandoning module AudioFormatOpus (133)
[2018.09.16-00.13.41:775][ 65]LogModuleManager: Shutting down and abandoning module AudioFormatOgg (131)
[2018.09.16-00.13.41:775][ 65]LogModuleManager: Shutting down and abandoning module AudioFormatADPCM (129)
[2018.09.16-00.13.41:775][ 65]LogModuleManager: Shutting down and abandoning module LuminTargetPlatform (127)
[2018.09.16-00.13.41:775][ 65]LogModuleManager: Shutting down and abandoning module LinuxTargetPlatform (125)
[2018.09.16-00.13.41:775][ 65]LogModuleManager: Shutting down and abandoning module LinuxServerTargetPlatform (123)
[2018.09.16-00.13.41:776][ 65]LogModuleManager: Shutting down and abandoning module LinuxNoEditorTargetPlatform (121)
[2018.09.16-00.13.41:776][ 65]LogModuleManager: Shutting down and abandoning module LinuxClientTargetPlatform (119)
[2018.09.16-00.13.41:776][ 65]LogModuleManager: Shutting down and abandoning module TVOSTargetPlatform (117)
[2018.09.16-00.13.41:779][ 65]LogModuleManager: Shutting down and abandoning module Messaging (115)
[2018.09.16-00.13.41:779][ 65]LogModuleManager: Shutting down and abandoning module IOSTargetPlatform (113)
[2018.09.16-00.13.41:782][ 65]LogModuleManager: Shutting down and abandoning module HTML5TargetPlatform (111)
[2018.09.16-00.13.41:782][ 65]LogModuleManager: Shutting down and abandoning module AndroidTargetPlatform (109)
[2018.09.16-00.13.41:805][ 65]LogModuleManager: Shutting down and abandoning module WindowsTargetPlatform (107)
[2018.09.16-00.13.41:805][ 65]LogModuleManager: Shutting down and abandoning module WindowsServerTargetPlatform (105)
[2018.09.16-00.13.41:805][ 65]LogModuleManager: Shutting down and abandoning module WindowsNoEditorTargetPlatform (103)
[2018.09.16-00.13.41:805][ 65]LogModuleManager: Shutting down and abandoning module WindowsClientTargetPlatform (101)
[2018.09.16-00.13.41:805][ 65]LogModuleManager: Shutting down and abandoning module MacTargetPlatform (99)
[2018.09.16-00.13.41:805][ 65]LogModuleManager: Shutting down and abandoning module MacServerTargetPlatform (97)
[2018.09.16-00.13.41:805][ 65]LogModuleManager: Shutting down and abandoning module MacNoEditorTargetPlatform (95)
[2018.09.16-00.13.41:805][ 65]LogModuleManager: Shutting down and abandoning module MacClientTargetPlatform (93)
[2018.09.16-00.13.41:805][ 65]LogModuleManager: Shutting down and abandoning module AllDesktopTargetPlatform (91)
[2018.09.16-00.13.41:806][ 65]LogModuleManager: Shutting down and abandoning module InputCore (88)
[2018.09.16-00.13.41:806][ 65]LogModuleManager: Shutting down and abandoning module Settings (86)
[2018.09.16-00.13.41:806][ 65]LogModuleManager: Shutting down and abandoning module PhysXCooking (84)
[2018.09.16-00.13.41:806][ 65]LogModuleManager: Shutting down and abandoning module SteamVR (82)
[2018.09.16-00.13.41:806][ 65]LogModuleManager: Shutting down and abandoning module OculusHMD (80)
[2018.09.16-00.13.41:806][ 65]LogModuleManager: Shutting down and abandoning module ExampleDeviceProfileSelector (78)
[2018.09.16-00.13.41:806][ 65]LogModuleManager: Shutting down and abandoning module LauncherChunkInstaller (76)
[2018.09.16-00.13.41:806][ 65]LogModuleManager: Shutting down and abandoning module OnlineBlueprintSupport (74)
[2018.09.16-00.13.41:806][ 65]LogModuleManager: Shutting down and abandoning module OnlineSubsystem (70)
[2018.09.16-00.13.41:808][ 65]LogModuleManager: Shutting down and abandoning module XMPP (65)
[2018.09.16-00.13.41:808][ 65]LogModuleManager: Shutting down and abandoning module WebSockets (64)
[2018.09.16-00.13.41:831][ 65]LogModuleManager: Shutting down and abandoning module HTTP (61)
[2018.09.16-00.13.41:831][ 65]LogHttp: Display: Http module shutting down, but needs to wait on 1 outstanding Http requests:
[2018.09.16-00.13.41:831][ 65]LogHttp: Display: 	verb=[POST] url=[https://datarouter.ol.epicgames.com/datarouter/api/v1/public/data?SessionID=%7B1377F33C-469F-2C41-34E0-FE9AC1A52C16%7D&AppID=UEEditor.Rocket.Release&AppVersion=4.20.2-4302132%2B%2B%2BUE4%2BRelease-4.20&UserID=2e8045444a79f7e8251de3b15237b46f%7Ccc9778738b454536ba553b62f109cc44%7Cb5bf82c5-b36b-4fa2-a0b7-f0b739991310&AppEnvironment=datacollector-binary&UploadType=eteventstream] status=Processing
[2018.09.16-00.13.41:853][ 65]LogModuleManager: Shutting down and abandoning module SSL (60)
[2018.09.16-00.13.41:856][ 65]LogModuleManager: Shutting down and abandoning module MagicLeapEmulator (56)
[2018.09.16-00.13.41:856][ 65]LogModuleManager: Shutting down and abandoning module MagicLeapPrivileges (54)
[2018.09.16-00.13.41:856][ 65]LogModuleManager: Shutting down and abandoning module MagicLeapIdentity (52)
[2018.09.16-00.13.41:856][ 65]LogModuleManager: Shutting down and abandoning module MagicLeapHelperVulkan (50)
[2018.09.16-00.13.41:856][ 65]LogModuleManager: Shutting down and abandoning module MagicLeapHelperOpenGL (48)
[2018.09.16-00.13.41:856][ 65]LogModuleManager: Shutting down and abandoning module MagicLeapSecureStorage (46)
[2018.09.16-00.13.41:856][ 65]LogModuleManager: Shutting down and abandoning module MagicLeapGestures (44)
[2018.09.16-00.13.41:856][ 65]LogModuleManager: Shutting down and abandoning module MagicLeapEyeTracker (42)
[2018.09.16-00.13.41:857][ 65]LogModuleManager: Shutting down and abandoning module MagicLeapController (40)
[2018.09.16-00.13.41:857][ 65]LogSlate: Slate User Destroyed.  User Index 0, Is Virtual User: 0
[2018.09.16-00.13.41:857][ 65]LogModuleManager: Shutting down and abandoning module MagicLeap (38)
[2018.09.16-00.13.41:857][ 65]LogModuleManager: Shutting down and abandoning module AnimationModifiers (36)
[2018.09.16-00.13.41:857][ 65]LogModuleManager: Shutting down and abandoning module PropertyEditor (35)
[2018.09.16-00.13.41:857][ 65]LogModuleManager: Shutting down and abandoning module AudioEditor (32)
[2018.09.16-00.13.41:857][ 65]LogModuleManager: Shutting down and abandoning module TextureCompressor (30)
[2018.09.16-00.13.41:858][ 65]LogModuleManager: Shutting down and abandoning module ShaderCore (28)
[2018.09.16-00.13.41:858][ 65]LogModuleManager: Shutting down and abandoning module Landscape (26)
[2018.09.16-00.13.41:858][ 65]LogModuleManager: Shutting down and abandoning module SlateRHIRenderer (24)
[2018.09.16-00.13.41:859][ 65]LogModuleManager: Shutting down and abandoning module OpenGLDrv (22)
[2018.09.16-00.13.41:859][ 65]LogModuleManager: Shutting down and abandoning module D3D11RHI (20)
[2018.09.16-00.13.41:859][ 65]LogModuleManager: Shutting down and abandoning module AnimGraphRuntime (18)
[2018.09.16-00.13.41:859][ 65]LogModuleManager: Shutting down and abandoning module Renderer (16)
[2018.09.16-00.13.41:859][ 65]LogModuleManager: Shutting down and abandoning module Engine (14)
[2018.09.16-00.13.41:859][ 65]LogModuleManager: Shutting down and abandoning module CoreUObject (12)
[2018.09.16-00.13.41:859][ 65]LogModuleManager: Shutting down and abandoning module NetworkFile (10)
[2018.09.16-00.13.41:859][ 65]LogModuleManager: Shutting down and abandoning module CookedIterativeFile (8)
[2018.09.16-00.13.41:859][ 65]LogModuleManager: Shutting down and abandoning module StreamingFile (6)
[2018.09.16-00.13.41:859][ 65]LogModuleManager: Shutting down and abandoning module SandboxFile (4)
[2018.09.16-00.13.41:859][ 65]LogModuleManager: Shutting down and abandoning module PakFile (2)
[2018.09.16-00.13.41:866][ 65]LogExit: Exiting.
[2018.09.16-00.13.41:895][ 65]Log file closed, 09/15/18 20:13:41
